<?xml version="1.0" encoding="UTF-8"?>
<Site BuildName="(empty)"
	BuildStamp="20231115-0202-Experimental"
	Name="(empty)"
	Generator="ctest-3.26.4"
	CompilerName=""
	CompilerVersion=""
	OSName="Windows"
	Hostname="DESKTOP-EUEQRCD"
	OSRelease=" Professional"
	OSVersion=" (Build 9200)"
	OSPlatform="AMD64"
	Is64Bits="1"
	VendorString=""
	VendorID="Unknown Manufacturer"
	FamilyID="0"
	ModelID="0"
	ProcessorCacheSize="0"
	NumberOfLogicalCPU="12"
	NumberOfPhysicalCPU="6"
	TotalVirtualMemory="37513"
	TotalPhysicalMemory="32649"
	LogicalProcessorsPerPhysical="2"
	ProcessorClockFrequency="3700"
	>
	<Testing>
		<StartDateTime>Nov 14 23:02 Argentina Standard Time</StartDateTime>
		<StartTestTime>1700013766</StartTestTime>
		<TestList>
			<Test>./UnitTests</Test>
		</TestList>
		<Test Status="passed">
			<Name>UnitTests</Name>
			<Path>.</Path>
			<FullName>./UnitTests</FullName>
			<FullCommandLine>D:\Analisis_de_Sistemas\Segundo_anio\Algoritmos_y_Estructuras_de_Datos_2\TP_TESTING\marco_practico\build\runUnitTests.exe</FullCommandLine>
			<Results>
				<NamedMeasurement type="numeric/double" name="Execution Time">
					<Value>0.0481439</Value>
				</NamedMeasurement>
				<NamedMeasurement type="numeric/double" name="Processors">
					<Value>1</Value>
				</NamedMeasurement>
				<NamedMeasurement type="text/string" name="Completion Status">
					<Value>Completed</Value>
				</NamedMeasurement>
				<NamedMeasurement type="text/string" name="Command Line">
					<Value>D:\Analisis_de_Sistemas\Segundo_anio\Algoritmos_y_Estructuras_de_Datos_2\TP_TESTING\marco_practico\build\runUnitTests.exe</Value>
				</NamedMeasurement>
				<NamedMeasurement type="text/string" name="Environment">
					<Value>#CTEST_RESOURCE_GROUP_COUNT=</Value>
				</NamedMeasurement>
				<Measurement>
					<Value encoding="base64" compression="gzip">eJyVk0tv2zAMgO/5FTy2h9pt0csG7JDBWVAUfSDxTkFgsDJra7BFl5Sytr9+clwEywbULk96fPxIQOIqOGddBS1ad3IKT8ItZF/TucPGqtWipGJt1VOLmq6pCq7kAp3ldN5ULNa3rMVrsVAvwfgguM/I0MfjyzR/KPLFOr++W6YtiuGiEzTeGk7pxacVc9WQJz1aqpi06ldF31JizGzz7RBbWL33+wV6RoeGL/Yb0GA9JbPN2SG2sGz4EZvhntzOCruWXGTJn4XuH/hImkWUbsnXXGreH882sPp5B/vY/n+dZKQdVSiRG+L+5kMOTs6h1dMx7dyTiH0b9x7AieJFQ7tx60BNVH7HX+PGPTRRuLSCkpGQqXHM+zf7Gf3123OwJOW0Agd6Yon42gYlPvcDPof4xSf8jiN+Ypk1xqwf7HlFhjpj2Y0VGjKSJM5AXluFDsUDP4GvaRgXDr4LHn6jglDLOypBrTMENo7SiyEqdYBrIa25Kfvsi/PLK3h8jYJkO/sD081vtQ==</Value>
				</Measurement>
			</Results>
		</Test>
		<EndDateTime>Nov 14 23:02 Argentina Standard Time</EndDateTime>
		<EndTestTime>1700013766</EndTestTime>
		<ElapsedMinutes>0</ElapsedMinutes>
	</Testing>
</Site>
